<?xml version="1.0" encoding="UTF-8"?>
<!-- Generated by org.testng.reporters.JUnitXMLReporter -->
<testsuite ignored="0" hostname="DESKTOP-NE2AVD9" failures="1" tests="5" name="chromeTest" time="32.695" errors="0" timestamp="2023-04-10T11:15:24 IST">
  <testcase classname="TestNgPack.TestNgForSignUpPupup" name="verifySignUpPopUpFunctionality" time="4.17"/>
  <testcase classname="TestNgPack.TestNgForSignUpPupup" name="verifyCookiesPolicy" time="0.256"/>
  <testcase classname="TestNgPack.TestNgForSignUpPupup" name="VerifyPrivacyPolicy" time="0.36"/>
  <testcase classname="TestNgPack.TestNgForSignUpPupup" name="test4" time="0.01">
    <failure type="java.lang.AssertionError" message="null">
      <![CDATA[java.lang.AssertionError: null
at TestNgPack.TestNgForSignUpPupup.test4(TestNgForSignUpPupup.java:152)
at java.base/java.util.ArrayList.forEach(ArrayList.java:1511)
at java.base/java.util.concurrent.FutureTask.run(FutureTask.java:264)
at java.base/java.util.concurrent.ThreadPoolExecutor.runWorker(ThreadPoolExecutor.java:1136)
at java.base/java.util.concurrent.ThreadPoolExecutor$Worker.run(ThreadPoolExecutor.java:635)
at java.base/java.lang.Thread.run(Thread.java:833)
... Removed 18 stack frames]]>
    </failure>
  </testcase> <!-- test4 -->
  <testcase classname="TestNgPack.TestNgForSignUpPupup" name="test3" time="0.0">
    <skipped/>
  </testcase> <!-- test3 -->
</testsuite> <!-- chromeTest -->
