<?xml version="1.0" encoding="UTF-8"?>
<!-- Generated by org.testng.reporters.JUnitXMLReporter -->
<testsuite ignored="0" hostname="DESKTOP-NE2AVD9" failures="0" tests="8" name="FirefoxTest" time="21.999" errors="0" timestamp="2023-04-01T14:14:58 IST">
  <testcase classname="TestNgPack.TestNgForForgetPassword" name="@BeforeTest beforeTest" time="21.148">
    <failure type="org.openqa.selenium.WebDriverException" message="java.net.ConnectException: Failed to connect to localhost/[0:0:0:0:0:0:0:1]:14613
Build info: version: &amp;apos;3.141.59&amp;apos;, revision: &amp;apos;e82be7d358&amp;apos;, time: &amp;apos;2018-11-14T08:17:03&amp;apos;
System info: host: &amp;apos;DESKTOP-NE2AVD9&amp;apos;, ip: &amp;apos;192.168.225.50&amp;apos;, os.name: &amp;apos;Windows 10&amp;apos;, os.arch: &amp;apos;amd64&amp;apos;, os.version: &amp;apos;10.0&amp;apos;, java.version: &amp;apos;18.0.1&amp;apos;
Driver info: driver.version: FirefoxDriver">
      <![CDATA[org.openqa.selenium.WebDriverException: java.net.ConnectException: Failed to connect to localhost/[0:0:0:0:0:0:0:1]:14613
Build info: version: '3.141.59', revision: 'e82be7d358', time: '2018-11-14T08:17:03'
System info: host: 'DESKTOP-NE2AVD9', ip: '192.168.225.50', os.name: 'Windows 10', os.arch: 'amd64', os.version: '10.0', java.version: '18.0.1'
Driver info: driver.version: FirefoxDriver
at org.openqa.selenium.remote.service.DriverCommandExecutor.execute(DriverCommandExecutor.java:92)
at org.openqa.selenium.remote.RemoteWebDriver.execute(RemoteWebDriver.java:552)
at org.openqa.selenium.remote.RemoteWebDriver.startSession(RemoteWebDriver.java:213)
at org.openqa.selenium.remote.RemoteWebDriver.<init>(RemoteWebDriver.java:131)
at org.openqa.selenium.firefox.FirefoxDriver.<init>(FirefoxDriver.java:147)
at org.openqa.selenium.firefox.FirefoxDriver.<init>(FirefoxDriver.java:125)
at BrowsersSetup.Base.openFireFoxBrowser(Base.java:19)
at TestNgPack.TestNgForForgetPassword.beforeTest(TestNgForForgetPassword.java:52)
at java.base/java.util.concurrent.FutureTask.run(FutureTask.java:264)
at java.base/java.util.concurrent.ThreadPoolExecutor.runWorker(ThreadPoolExecutor.java:1136)
at java.base/java.util.concurrent.ThreadPoolExecutor$Worker.run(ThreadPoolExecutor.java:635)
at java.base/java.lang.Thread.run(Thread.java:833)
Caused by: java.net.ConnectException: Failed to connect to localhost/[0:0:0:0:0:0:0:1]:14613
at okhttp3.internal.connection.RealConnection.connectSocket(RealConnection.java:247)
at okhttp3.internal.connection.RealConnection.connect(RealConnection.java:165)
at okhttp3.internal.connection.StreamAllocation.findConnection(StreamAllocation.java:257)
at okhttp3.internal.connection.StreamAllocation.findHealthyConnection(StreamAllocation.java:135)
at okhttp3.internal.connection.StreamAllocation.newStream(StreamAllocation.java:114)
at okhttp3.internal.connection.ConnectInterceptor.intercept(ConnectInterceptor.java:42)
at okhttp3.internal.http.RealInterceptorChain.proceed(RealInterceptorChain.java:147)
at okhttp3.internal.http.RealInterceptorChain.proceed(RealInterceptorChain.java:121)
at okhttp3.internal.cache.CacheInterceptor.intercept(CacheInterceptor.java:93)
at okhttp3.internal.http.RealInterceptorChain.proceed(RealInterceptorChain.java:147)
at okhttp3.internal.http.RealInterceptorChain.proceed(RealInterceptorChain.java:121)
at okhttp3.internal.http.BridgeInterceptor.intercept(BridgeInterceptor.java:93)
at okhttp3.internal.http.RealInterceptorChain.proceed(RealInterceptorChain.java:147)
at okhttp3.internal.http.RetryAndFollowUpInterceptor.intercept(RetryAndFollowUpInterceptor.java:126)
at okhttp3.internal.http.RealInterceptorChain.proceed(RealInterceptorChain.java:147)
at okhttp3.internal.http.RealInterceptorChain.proceed(RealInterceptorChain.java:121)
at okhttp3.RealCall.getResponseWithInterceptorChain(RealCall.java:200)
at okhttp3.RealCall.execute(RealCall.java:77)
at org.openqa.selenium.remote.internal.OkHttpClient.execute(OkHttpClient.java:103)
at org.openqa.selenium.remote.ProtocolHandshake.createSession(ProtocolHandshake.java:105)
at org.openqa.selenium.remote.ProtocolHandshake.createSession(ProtocolHandshake.java:74)
at org.openqa.selenium.remote.HttpCommandExecutor.execute(HttpCommandExecutor.java:136)
at org.openqa.selenium.remote.service.DriverCommandExecutor.execute(DriverCommandExecutor.java:83)
... 24 more
Caused by: java.net.ConnectException: Connection refused: no further information
at java.base/sun.nio.ch.Net.pollConnect(Native Method)
at java.base/sun.nio.ch.Net.pollConnectNow(Net.java:672)
at java.base/sun.nio.ch.NioSocketImpl.timedFinishConnect(NioSocketImpl.java:539)
at java.base/sun.nio.ch.NioSocketImpl.connect(NioSocketImpl.java:594)
at java.base/java.net.SocksSocketImpl.connect(SocksSocketImpl.java:327)
at java.base/java.net.Socket.connect(Socket.java:633)
at okhttp3.internal.platform.Platform.connectSocket(Platform.java:129)
at okhttp3.internal.connection.RealConnection.connectSocket(RealConnection.java:245)
... 46 more
... Removed 13 stack frames]]>
    </failure>
  </testcase> <!-- @BeforeTest beforeTest -->
  <testcase classname="TestNgPack.TestNgForLoginPage" name="@BeforeTest beforeTest" time="-1.680338697222E9">
    <skipped/>
  </testcase> <!-- @BeforeTest beforeTest -->
  <testcase classname="TestNgPack.TestNgForSignUpPupup" name="@BeforeTest openBrowser" time="-1.680338697254E9">
    <skipped/>
  </testcase> <!-- @BeforeTest openBrowser -->
  <testcase classname="TestNgPack.TestNgForLoginPage" name="@BeforeClass createPOMObject" time="-1.680338697439E9">
    <skipped/>
  </testcase> <!-- @BeforeClass createPOMObject -->
  <testcase classname="TestNgPack.TestNgForForgetPassword" name="@BeforeClass createPOMObject" time="-1.680338697462E9">
    <skipped/>
  </testcase> <!-- @BeforeClass createPOMObject -->
  <testcase classname="TestNgPack.TestNgForLoginPage" name="@BeforeMethod loginFunctionality" time="-1.680338697462E9">
    <skipped/>
  </testcase> <!-- @BeforeMethod loginFunctionality -->
  <testcase classname="TestNgPack.TestNgForSignUpPupup" name="@BeforeClass createPOMObject" time="-1.680338697463E9">
    <skipped/>
  </testcase> <!-- @BeforeClass createPOMObject -->
  <testcase classname="TestNgPack.TestNgForSignUpPupup" name="@BeforeMethod goToSignUpPopup" time="-1.680338697492E9">
    <skipped/>
  </testcase> <!-- @BeforeMethod goToSignUpPopup -->
  <testcase classname="TestNgPack.TestNgForSignUpPupup" name="@AfterMethod afterMethod" time="-1.680338697524E9">
    <skipped/>
  </testcase> <!-- @AfterMethod afterMethod -->
  <testcase classname="TestNgPack.TestNgForSignUpPupup" name="@BeforeMethod goToSignUpPopup" time="-1.680338697532E9">
    <skipped/>
  </testcase> <!-- @BeforeMethod goToSignUpPopup -->
  <testcase classname="TestNgPack.TestNgForForgetPassword" name="@BeforeMethod goToForgetPasswordPage" time="-1.68033869757E9">
    <skipped/>
  </testcase> <!-- @BeforeMethod goToForgetPasswordPage -->
  <testcase classname="TestNgPack.TestNgForForgetPassword" name="@AfterMethod afterMethod" time="-1.680338697588E9">
    <skipped/>
  </testcase> <!-- @AfterMethod afterMethod -->
  <testcase classname="TestNgPack.TestNgForForgetPassword" name="@BeforeMethod goToForgetPasswordPage" time="-1.680338697596E9">
    <skipped/>
  </testcase> <!-- @BeforeMethod goToForgetPasswordPage -->
  <testcase classname="TestNgPack.TestNgForForgetPassword" name="@AfterMethod afterMethod" time="-1.680338697618E9">
    <skipped/>
  </testcase> <!-- @AfterMethod afterMethod -->
  <testcase classname="TestNgPack.TestNgForLoginPage" name="@AfterMethod afterMethod" time="-1.680338697666E9">
    <skipped/>
  </testcase> <!-- @AfterMethod afterMethod -->
  <testcase classname="TestNgPack.TestNgForLoginPage" name="@AfterClass clearObjects" time="-1.680338697672E9">
    <skipped/>
  </testcase> <!-- @AfterClass clearObjects -->
  <testcase classname="TestNgPack.TestNgForSignUpPupup" name="@AfterMethod afterMethod" time="-1.680338697728E9">
    <skipped/>
  </testcase> <!-- @AfterMethod afterMethod -->
  <testcase classname="TestNgPack.TestNgForSignUpPupup" name="@BeforeMethod goToSignUpPopup" time="-1.680338697733E9">
    <skipped/>
  </testcase> <!-- @BeforeMethod goToSignUpPopup -->
  <testcase classname="TestNgPack.TestNgForSignUpPupup" name="@AfterMethod afterMethod" time="-1.68033869776E9">
    <skipped/>
  </testcase> <!-- @AfterMethod afterMethod -->
  <testcase classname="TestNgPack.TestNgForSignUpPupup" name="@BeforeMethod goToSignUpPopup" time="-1.680338697776E9">
    <skipped/>
  </testcase> <!-- @BeforeMethod goToSignUpPopup -->
  <testcase classname="TestNgPack.TestNgForSignUpPupup" name="@AfterMethod afterMethod" time="-1.680338697797E9">
    <skipped/>
  </testcase> <!-- @AfterMethod afterMethod -->
  <testcase classname="TestNgPack.TestNgForSignUpPupup" name="@AfterClass clearObjects" time="-1.680338697822E9">
    <skipped/>
  </testcase> <!-- @AfterClass clearObjects -->
  <testcase classname="TestNgPack.TestNgForForgetPassword" name="@AfterClass clearObject" time="-1.680338697633E9">
    <skipped/>
  </testcase> <!-- @AfterClass clearObject -->
  <testcase classname="TestNgPack.TestNgForForgetPassword" name="@AfterTest closedBrowser" time="-1.680338697853E9">
    <skipped/>
  </testcase> <!-- @AfterTest closedBrowser -->
  <testcase classname="TestNgPack.TestNgForLoginPage" name="@AfterTest closedBrowser" time="-1.680338697865E9">
    <skipped/>
  </testcase> <!-- @AfterTest closedBrowser -->
  <testcase classname="TestNgPack.TestNgForSignUpPupup" name="@AfterTest closedBrowser" time="-1.680338697871E9">
    <skipped/>
  </testcase> <!-- @AfterTest closedBrowser -->
  <testcase classname="TestNgPack.TestNgForSignUpPupup" name="verifySignUpPopUpFunctionality" time="0.0">
    <skipped/>
  </testcase> <!-- verifySignUpPopUpFunctionality -->
  <testcase classname="TestNgPack.TestNgForForgetPassword" name="verifyMessageOnforgetPasswPage" time="0.0">
    <skipped/>
  </testcase> <!-- verifyMessageOnforgetPasswPage -->
  <testcase classname="TestNgPack.TestNgForForgetPassword" name="verifytheCancelButtonOnForgetPasswordPage" time="0.0">
    <skipped/>
  </testcase> <!-- verifytheCancelButtonOnForgetPasswordPage -->
  <testcase classname="TestNgPack.TestNgForLoginPage" name="VerifyLoginFunctionality" time="0.0">
    <skipped/>
  </testcase> <!-- VerifyLoginFunctionality -->
  <testcase classname="TestNgPack.TestNgForSignUpPupup" name="VerifyPrivacyPolicy" time="0.0">
    <skipped/>
  </testcase> <!-- VerifyPrivacyPolicy -->
  <testcase classname="TestNgPack.TestNgForSignUpPupup" name="verifyCookiesPolicy" time="0.0">
    <skipped/>
  </testcase> <!-- verifyCookiesPolicy -->
  <testcase classname="TestNgPack.TestNgForSignUpPupup" name="test4" time="0.0">
    <skipped/>
  </testcase> <!-- test4 -->
  <testcase classname="TestNgPack.TestNgForSignUpPupup" name="test3" time="0.0">
    <skipped/>
  </testcase> <!-- test3 -->
</testsuite> <!-- FirefoxTest -->
