<?xml version="1.0" encoding="UTF-8"?>
<!-- Generated by org.testng.reporters.JUnitXMLReporter -->
<testsuite ignored="0" hostname="DESKTOP-NE2AVD9" failures="0" tests="2" name="Default test" time="0.14" errors="0" timestamp="2023-04-01T13:10:10 IST">
  <testcase classname="TestNgPack.TestNgForSignUpPupup" name="@BeforeTest openBrowser" time="-1.680334810655E9">
    <failure type="org.testng.TestNGException" message="
Parameter &amp;apos;browser&amp;apos; is required by BeforeTest on method openBrowser but has not been marked @Optional or defined
in C:\Users\INTEGRAL COMPUTER\AppData\Local\Temp\testng-eclipse-1857309587\testng-customsuite.xml">
      <![CDATA[org.testng.TestNGException: 
Parameter 'browser' is required by BeforeTest on method openBrowser but has not been marked @Optional or defined
in C:\Users\INTEGRAL COMPUTER\AppData\Local\Temp\testng-eclipse-1857309587\testng-customsuite.xml
at org.testng.internal.Parameters.createParams(Parameters.java:270)
at org.testng.internal.Parameters.createParametersForMethod(Parameters.java:358)
at org.testng.internal.Parameters.createParameters(Parameters.java:700)
at org.testng.internal.Parameters.createConfigurationParameters(Parameters.java:168)
at org.testng.internal.ConfigInvoker.invokeConfigurations(ConfigInvoker.java:302)
at org.testng.TestRunner.invokeTestConfigurations(TestRunner.java:637)
at org.testng.TestRunner.beforeRun(TestRunner.java:627)
at org.testng.TestRunner.run(TestRunner.java:589)
at org.testng.SuiteRunner.runTest(SuiteRunner.java:377)
at org.testng.SuiteRunner.runSequentially(SuiteRunner.java:371)
at org.testng.SuiteRunner.privateRun(SuiteRunner.java:332)
at org.testng.SuiteRunner.run(SuiteRunner.java:276)
at org.testng.SuiteRunnerWorker.runSuite(SuiteRunnerWorker.java:53)
at org.testng.SuiteRunnerWorker.run(SuiteRunnerWorker.java:96)
at org.testng.TestNG.runSuitesSequentially(TestNG.java:1212)
at org.testng.TestNG.runSuitesLocally(TestNG.java:1134)
at org.testng.TestNG.runSuites(TestNG.java:1063)
at org.testng.TestNG.run(TestNG.java:1031)
at org.testng.remote.AbstractRemoteTestNG.run(AbstractRemoteTestNG.java:115)
at org.testng.remote.RemoteTestNG.initAndRun(RemoteTestNG.java:251)
at org.testng.remote.RemoteTestNG.main(RemoteTestNG.java:77)
]]>
    </failure>
  </testcase> <!-- @BeforeTest openBrowser -->
  <testcase classname="TestNgPack.TestNgForSignUpPupup" name="@BeforeClass goToSignUpPopup" time="-1.680334810707E9">
    <skipped/>
  </testcase> <!-- @BeforeClass goToSignUpPopup -->
  <testcase classname="TestNgPack.TestNgForSignUpPupup" name="@BeforeMethod goToSignUpPopup" time="-1.680334810732E9">
    <skipped/>
  </testcase> <!-- @BeforeMethod goToSignUpPopup -->
  <testcase classname="TestNgPack.TestNgForSignUpPupup" name="@AfterMethod afterMethod" time="-1.680334810748E9">
    <skipped/>
  </testcase> <!-- @AfterMethod afterMethod -->
  <testcase classname="TestNgPack.TestNgForSignUpPupup" name="@BeforeMethod goToSignUpPopup" time="-1.680334810762E9">
    <skipped/>
  </testcase> <!-- @BeforeMethod goToSignUpPopup -->
  <testcase classname="TestNgPack.TestNgForSignUpPupup" name="@AfterMethod afterMethod" time="-1.680334810775E9">
    <skipped/>
  </testcase> <!-- @AfterMethod afterMethod -->
  <testcase classname="TestNgPack.TestNgForSignUpPupup" name="@AfterClass afterClass" time="-1.680334810779E9">
    <skipped/>
  </testcase> <!-- @AfterClass afterClass -->
  <testcase classname="TestNgPack.TestNgForSignUpPupup" name="@AfterTest afterTest" time="-1.680334810784E9">
    <skipped/>
  </testcase> <!-- @AfterTest afterTest -->
  <testcase classname="TestNgPack.TestNgForSignUpPupup" name="verifySignUpPopUpFunctionality" time="0.0">
    <skipped/>
  </testcase> <!-- verifySignUpPopUpFunctionality -->
  <testcase classname="TestNgPack.TestNgForSignUpPupup" name="test4" time="0.0">
    <skipped/>
  </testcase> <!-- test4 -->
</testsuite> <!-- Default test -->
